Arguments: 
  /usr/local/bin/node /usr/local/bin/yarn add koa

PATH: 
  /Applications/Visual Studio Code.app/Contents/Resources/app/bin:/usr/local/bin:/usr/local/sbin:~/bin:/usr/local/sbin:/usr/local/sbin:/usr/local/Cellar/mongodb/3.2.10/bin:/usr/local/bin:/usr/bin:/bin:/usr/sbin:/sbin:/Applications/Visual Studio Code.app/Contents/Resources/app/bin:/usr/local/sbin:~/bin:/usr/local/Cellar/mongodb/3.2.10/bin:/sbin}}

Yarn version: 
  0.18.1

Node version: 
  8.8.1

Platform: 
  darwin x64

npm manifest: 
  {
      "name": "name",
      "description": "description",
      "authors": "author",
      "version": "1.0.0",
      "main": "pathToMain",
      "dependencies": {
          "fs": "^0.0.1-security"
      }
  }

yarn manifest: 
  No manifest

Lockfile: 
  # THIS IS AN AUTOGENERATED FILE. DO NOT EDIT THIS FILE DIRECTLY.
  # yarn lockfile v1
  
  
  fs@^0.0.1-security:
    version "0.0.1-security"
    resolved "http://registry.npm.taobao.org/fs/download/fs-0.0.1-security.tgz#8a7bd37186b6dddf3813f23858b57ecaaf5e41d4"

Trace: 
  Error: connect ECONNREFUSED 127.0.0.1:8000
      at Object._errnoException (util.js:1024:11)
      at _exceptionWithHostPort (util.js:1046:20)
      at TCPConnectWrap.afterConnect [as oncomplete] (net.js:1185:14)
